# JRE version: OpenJDK Runtime Environment (8.0_242-b01) (build 1.8.0_242-release-1644-b01)
# Java VM: OpenJDK 64-Bit Server VM (25.242-b01 mixed mode windows-amd64 compressed oops)
Heap:
 PSYoungGen      total 272896K, used 199261K [0x00000000d5580000, 0x00000000f5200000, 0x0000000100000000)
  eden space 262144K, 76% used [0x00000000d5580000,0x00000000e18174e8,0x00000000e5580000)
  from space 10752K, 0% used [0x00000000e5580000,0x00000000e5580000,0x00000000e6000000)
  to   space 15872K, 0% used [0x00000000f4280000,0x00000000f4280000,0x00000000f5200000)
 ParOldGen       total 124416K, used 15367K [0x0000000080000000, 0x0000000087980000, 0x00000000d5580000)
  object space 124416K, 12% used [0x0000000080000000,0x0000000080f01d48,0x0000000087980000)
 Metaspace       used 50031K, capacity 51800K, committed 52016K, reserved 1093632K
  class space    used 6708K, capacity 7115K, committed 7216K, reserved 1048576K
GC Heap History (10 events):
Event: 19.516 GC heap before
{Heap before GC invocations=3 (full 0):
 PSYoungGen      total 141824K, used 82094K [0x00000000d5580000, 0x00000000dea80000, 0x0000000100000000)
  eden space 131072K, 55% used [0x00000000d5580000,0x00000000d9c9a308,0x00000000dd580000)
  from space 10752K, 86% used [0x00000000de000000,0x00000000de911778,0x00000000dea80000)
  to   space 10752K, 0% used [0x00000000dd580000,0x00000000dd580000,0x00000000de000000)
 ParOldGen       total 175104K, used 24K [0x0000000080000000, 0x000000008ab00000, 0x00000000d5580000)
  object space 175104K, 0% used [0x0000000080000000,0x0000000080006000,0x000000008ab00000)
 Metaspace       used 20529K, capacity 21240K, committed 21296K, reserved 1067008K
  class space    used 2873K, capacity 3088K, committed 3120K, reserved 1048576K
Event: 19.526 GC heap after
Heap after GC invocations=3 (full 0):
 PSYoungGen      total 141824K, used 10734K [0x00000000d5580000, 0x00000000e6a80000, 0x0000000100000000)
  eden space 131072K, 0% used [0x00000000d5580000,0x00000000d5580000,0x00000000dd580000)
  from space 10752K, 99% used [0x00000000dd580000,0x00000000ddffb9b0,0x00000000de000000)
  to   space 10752K, 0% used [0x00000000e6000000,0x00000000e6000000,0x00000000e6a80000)
 ParOldGen       total 175104K, used 1552K [0x0000000080000000, 0x000000008ab00000, 0x00000000d5580000)
  object space 175104K, 0% used [0x0000000080000000,0x00000000801840b8,0x000000008ab00000)
 Metaspace       used 20529K, capacity 21240K, committed 21296K, reserved 1067008K
  class space    used 2873K, capacity 3088K, committed 3120K, reserved 1048576K
}
Event: 19.526 GC heap before
{Heap before GC invocations=4 (full 1):
 PSYoungGen      total 141824K, used 10734K [0x00000000d5580000, 0x00000000e6a80000, 0x0000000100000000)
  eden space 131072K, 0% used [0x00000000d5580000,0x00000000d5580000,0x00000000dd580000)
  from space 10752K, 99% used [0x00000000dd580000,0x00000000ddffb9b0,0x00000000de000000)
  to   space 10752K, 0% used [0x00000000e6000000,0x00000000e6000000,0x00000000e6a80000)
 ParOldGen       total 175104K, used 1552K [0x0000000080000000, 0x000000008ab00000, 0x00000000d5580000)
  object space 175104K, 0% used [0x0000000080000000,0x00000000801840b8,0x000000008ab00000)
 Metaspace       used 20529K, capacity 21240K, committed 21296K, reserved 1067008K
  class space    used 2873K, capacity 3088K, committed 3120K, reserved 1048576K
Event: 19.551 GC heap after
Heap after GC invocations=4 (full 1):
 PSYoungGen      total 141824K, used 0K [0x00000000d5580000, 0x00000000e6a80000, 0x0000000100000000)
  eden space 131072K, 0% used [0x00000000d5580000,0x00000000d5580000,0x00000000dd580000)
  from space 10752K, 0% used [0x00000000dd580000,0x00000000dd580000,0x00000000de000000)
  to   space 10752K, 0% used [0x00000000e6000000,0x00000000e6000000,0x00000000e6a80000)
 ParOldGen       total 83968K, used 11872K [0x0000000080000000, 0x0000000085200000, 0x00000000d5580000)
  object space 83968K, 14% used [0x0000000080000000,0x0000000080b98068,0x0000000085200000)
 Metaspace       used 20529K, capacity 21240K, committed 21296K, reserved 1067008K
  class space    used 2873K, capacity 3088K, committed 3120K, reserved 1048576K
}
Event: 20.693 GC heap before
{Heap before GC invocations=5 (full 1):
 PSYoungGen      total 141824K, used 131072K [0x00000000d5580000, 0x00000000e6a80000, 0x0000000100000000)
  eden space 131072K, 100% used [0x00000000d5580000,0x00000000dd580000,0x00000000dd580000)
  from space 10752K, 0% used [0x00000000dd580000,0x00000000dd580000,0x00000000de000000)
  to   space 10752K, 0% used [0x00000000e6000000,0x00000000e6000000,0x00000000e6a80000)
 ParOldGen       total 83968K, used 11872K [0x0000000080000000, 0x0000000085200000, 0x00000000d5580000)
  object space 83968K, 14% used [0x0000000080000000,0x0000000080b98068,0x0000000085200000)
 Metaspace       used 32144K, capacity 32996K, committed 33072K, reserved 1077248K
  class space    used 4380K, capacity 4613K, committed 4656K, reserved 1048576K
Event: 20.705 GC heap after
Heap after GC invocations=5 (full 1):
 PSYoungGen      total 263680K, used 10721K [0x00000000d5580000, 0x00000000e6a80000, 0x0000000100000000)
  eden space 252928K, 0% used [0x00000000d5580000,0x00000000d5580000,0x00000000e4c80000)
  from space 10752K, 99% used [0x00000000e6000000,0x00000000e6a786e0,0x00000000e6a80000)
  to   space 10752K, 0% used [0x00000000e5580000,0x00000000e5580000,0x00000000e6000000)
 ParOldGen       total 83968K, used 14523K [0x0000000080000000, 0x0000000085200000, 0x00000000d5580000)
  object space 83968K, 17% used [0x0000000080000000,0x0000000080e2eeb0,0x0000000085200000)
 Metaspace       used 32144K, capacity 32996K, committed 33072K, reserved 1077248K
  class space    used 4380K, capacity 4613K, committed 4656K, reserved 1048576K
}
Event: 21.064 GC heap before
{Heap before GC invocations=6 (full 1):
 PSYoungGen      total 263680K, used 63018K [0x00000000d5580000, 0x00000000e6a80000, 0x0000000100000000)
  eden space 252928K, 20% used [0x00000000d5580000,0x00000000d8892198,0x00000000e4c80000)
  from space 10752K, 99% used [0x00000000e6000000,0x00000000e6a786e0,0x00000000e6a80000)
  to   space 10752K, 0% used [0x00000000e5580000,0x00000000e5580000,0x00000000e6000000)
 ParOldGen       total 83968K, used 14523K [0x0000000080000000, 0x0000000085200000, 0x00000000d5580000)
  object space 83968K, 17% used [0x0000000080000000,0x0000000080e2eeb0,0x0000000085200000)
 Metaspace       used 34563K, capacity 35410K, committed 35496K, reserved 1079296K
  class space    used 4743K, capacity 4974K, committed 5040K, reserved 1048576K
Event: 21.071 GC heap after
Heap after GC invocations=6 (full 1):
 PSYoungGen      total 272896K, used 8882K [0x00000000d5580000, 0x00000000f5200000, 0x0000000100000000)
  eden space 262144K, 0% used [0x00000000d5580000,0x00000000d5580000,0x00000000e5580000)
  from space 10752K, 82% used [0x00000000e5580000,0x00000000e5e2ca18,0x00000000e6000000)
  to   space 15872K, 0% used [0x00000000f4280000,0x00000000f4280000,0x00000000f5200000)
 ParOldGen       total 83968K, used 14531K [0x0000000080000000, 0x0000000085200000, 0x00000000d5580000)
  object space 83968K, 17% used [0x0000000080000000,0x0000000080e30eb0,0x0000000085200000)
 Metaspace       used 34563K, capacity 35410K, committed 35496K, reserved 1079296K
  class space    used 4743K, capacity 4974K, committed 5040K, reserved 1048576K
}
Event: 21.071 GC heap before
{Heap before GC invocations=7 (full 2):
 PSYoungGen      total 272896K, used 8882K [0x00000000d5580000, 0x00000000f5200000, 0x0000000100000000)
  eden space 262144K, 0% used [0x00000000d5580000,0x00000000d5580000,0x00000000e5580000)
  from space 10752K, 82% used [0x00000000e5580000,0x00000000e5e2ca18,0x00000000e6000000)
  to   space 15872K, 0% used [0x00000000f4280000,0x00000000f4280000,0x00000000f5200000)
 ParOldGen       total 83968K, used 14531K [0x0000000080000000, 0x0000000085200000, 0x00000000d5580000)
  object space 83968K, 17% used [0x0000000080000000,0x0000000080e30eb0,0x0000000085200000)
 Metaspace       used 34563K, capacity 35410K, committed 35496K, reserved 1079296K
  class space    used 4743K, capacity 4974K, committed 5040K, reserved 1048576K
Event: 21.124 GC heap after
Heap after GC invocations=7 (full 2):
 PSYoungGen      total 272896K, used 0K [0x00000000d5580000, 0x00000000f5200000, 0x0000000100000000)
  eden space 262144K, 0% used [0x00000000d5580000,0x00000000d5580000,0x00000000e5580000)
  from space 10752K, 0% used [0x00000000e5580000,0x00000000e5580000,0x00000000e6000000)
  to   space 15872K, 0% used [0x00000000f4280000,0x00000000f4280000,0x00000000f5200000)
 ParOldGen       total 124416K, used 15367K [0x0000000080000000, 0x0000000087980000, 0x00000000d5580000)
  object space 124416K, 12% used [0x0000000080000000,0x0000000080f01d48,0x0000000087980000)
 Metaspace       used 34563K, capacity 35410K, committed 35496K, reserved 1079296K
  class space    used 4743K, capacity 4974K, committed 5040K, reserved 1048576K
}

