# JRE version: OpenJDK Runtime Environment (8.0_242-b01) (build 1.8.0_242-release-1644-b01)
# Java VM: OpenJDK 64-Bit Server VM (25.242-b01 mixed mode windows-amd64 compressed oops)
Heap:
 PSYoungGen      total 409600K, used 24423K [0x00000000d5580000, 0x00000000f0380000, 0x0000000100000000)
  eden space 386560K, 6% used [0x00000000d5580000,0x00000000d6d59dc0,0x00000000ecf00000)
  from space 23040K, 0% used [0x00000000ee700000,0x00000000ee700000,0x00000000efd80000)
  to   space 24576K, 0% used [0x00000000ecf00000,0x00000000ecf00000,0x00000000ee700000)
 ParOldGen       total 169472K, used 29853K [0x0000000080000000, 0x000000008a580000, 0x00000000d5580000)
  object space 169472K, 17% used [0x0000000080000000,0x0000000081d27518,0x000000008a580000)
 Metaspace       used 57757K, capacity 59834K, committed 60208K, reserved 1101824K
  class space    used 7946K, capacity 8426K, committed 8496K, reserved 1048576K
GC Heap History (10 events):
Event: 3.390 GC heap before
{Heap before GC invocations=7 (full 1):
 PSYoungGen      total 141824K, used 61411K [0x00000000d5580000, 0x00000000e5d00000, 0x0000000100000000)
  eden space 131072K, 38% used [0x00000000d5580000,0x00000000d86f9ba0,0x00000000dd580000)
  from space 10752K, 99% used [0x00000000dd580000,0x00000000ddfff378,0x00000000de000000)
  to   space 15360K, 0% used [0x00000000e4e00000,0x00000000e4e00000,0x00000000e5d00000)
 ParOldGen       total 84480K, used 9604K [0x0000000080000000, 0x0000000085280000, 0x00000000d5580000)
  object space 84480K, 11% used [0x0000000080000000,0x0000000080961330,0x0000000085280000)
 Metaspace       used 34575K, capacity 35422K, committed 35496K, reserved 1079296K
  class space    used 4746K, capacity 4976K, committed 5040K, reserved 1048576K
Event: 3.396 GC heap after
Heap after GC invocations=7 (full 1):
 PSYoungGen      total 250368K, used 8988K [0x00000000d5580000, 0x00000000e5a80000, 0x0000000100000000)
  eden space 237568K, 0% used [0x00000000d5580000,0x00000000d5580000,0x00000000e3d80000)
  from space 12800K, 70% used [0x00000000e4e00000,0x00000000e56c7098,0x00000000e5a80000)
  to   space 14848K, 0% used [0x00000000e3d80000,0x00000000e3d80000,0x00000000e4c00000)
 ParOldGen       total 84480K, used 9612K [0x0000000080000000, 0x0000000085280000, 0x00000000d5580000)
  object space 84480K, 11% used [0x0000000080000000,0x0000000080963330,0x0000000085280000)
 Metaspace       used 34575K, capacity 35422K, committed 35496K, reserved 1079296K
  class space    used 4746K, capacity 4976K, committed 5040K, reserved 1048576K
}
Event: 3.396 GC heap before
{Heap before GC invocations=8 (full 2):
 PSYoungGen      total 250368K, used 8988K [0x00000000d5580000, 0x00000000e5a80000, 0x0000000100000000)
  eden space 237568K, 0% used [0x00000000d5580000,0x00000000d5580000,0x00000000e3d80000)
  from space 12800K, 70% used [0x00000000e4e00000,0x00000000e56c7098,0x00000000e5a80000)
  to   space 14848K, 0% used [0x00000000e3d80000,0x00000000e3d80000,0x00000000e4c00000)
 ParOldGen       total 84480K, used 9612K [0x0000000080000000, 0x0000000085280000, 0x00000000d5580000)
  object space 84480K, 11% used [0x0000000080000000,0x0000000080963330,0x0000000085280000)
 Metaspace       used 34575K, capacity 35422K, committed 35496K, reserved 1079296K
  class space    used 4746K, capacity 4976K, committed 5040K, reserved 1048576K
Event: 3.426 GC heap after
Heap after GC invocations=8 (full 2):
 PSYoungGen      total 250368K, used 0K [0x00000000d5580000, 0x00000000e5a80000, 0x0000000100000000)
  eden space 237568K, 0% used [0x00000000d5580000,0x00000000d5580000,0x00000000e3d80000)
  from space 12800K, 0% used [0x00000000e4e00000,0x00000000e4e00000,0x00000000e5a80000)
  to   space 14848K, 0% used [0x00000000e3d80000,0x00000000e3d80000,0x00000000e4c00000)
 ParOldGen       total 118272K, used 15478K [0x0000000080000000, 0x0000000087380000, 0x00000000d5580000)
  object space 118272K, 13% used [0x0000000080000000,0x0000000080f1d9d8,0x0000000087380000)
 Metaspace       used 34575K, capacity 35422K, committed 35496K, reserved 1079296K
  class space    used 4746K, capacity 4976K, committed 5040K, reserved 1048576K
}
Event: 5.242 GC heap before
{Heap before GC invocations=9 (full 2):
 PSYoungGen      total 250368K, used 237568K [0x00000000d5580000, 0x00000000e5a80000, 0x0000000100000000)
  eden space 237568K, 100% used [0x00000000d5580000,0x00000000e3d80000,0x00000000e3d80000)
  from space 12800K, 0% used [0x00000000e4e00000,0x00000000e4e00000,0x00000000e5a80000)
  to   space 14848K, 0% used [0x00000000e3d80000,0x00000000e3d80000,0x00000000e4c00000)
 ParOldGen       total 118272K, used 15478K [0x0000000080000000, 0x0000000087380000, 0x00000000d5580000)
  object space 118272K, 13% used [0x0000000080000000,0x0000000080f1d9d8,0x0000000087380000)
 Metaspace       used 54247K, capacity 56266K, committed 56496K, reserved 1097728K
  class space    used 7383K, capacity 7822K, committed 7856K, reserved 1048576K
Event: 5.261 GC heap after
Heap after GC invocations=9 (full 2):
 PSYoungGen      total 252416K, used 14828K [0x00000000d5580000, 0x00000000efd80000, 0x0000000100000000)
  eden space 237568K, 0% used [0x00000000d5580000,0x00000000d5580000,0x00000000e3d80000)
  from space 14848K, 99% used [0x00000000e3d80000,0x00000000e4bfb340,0x00000000e4c00000)
  to   space 23040K, 0% used [0x00000000ee700000,0x00000000ee700000,0x00000000efd80000)
 ParOldGen       total 118272K, used 28499K [0x0000000080000000, 0x0000000087380000, 0x00000000d5580000)
  object space 118272K, 24% used [0x0000000080000000,0x0000000081bd4c38,0x0000000087380000)
 Metaspace       used 54247K, capacity 56266K, committed 56496K, reserved 1097728K
  class space    used 7383K, capacity 7822K, committed 7856K, reserved 1048576K
}
Event: 5.540 GC heap before
{Heap before GC invocations=10 (full 2):
 PSYoungGen      total 252416K, used 51297K [0x00000000d5580000, 0x00000000efd80000, 0x0000000100000000)
  eden space 237568K, 15% used [0x00000000d5580000,0x00000000d791d3d0,0x00000000e3d80000)
  from space 14848K, 99% used [0x00000000e3d80000,0x00000000e4bfb340,0x00000000e4c00000)
  to   space 23040K, 0% used [0x00000000ee700000,0x00000000ee700000,0x00000000efd80000)
 ParOldGen       total 118272K, used 28499K [0x0000000080000000, 0x0000000087380000, 0x00000000d5580000)
  object space 118272K, 24% used [0x0000000080000000,0x0000000081bd4c38,0x0000000087380000)
 Metaspace       used 57065K, capacity 59064K, committed 59160K, reserved 1099776K
  class space    used 7820K, capacity 8289K, committed 8368K, reserved 1048576K
Event: 5.551 GC heap after
Heap after GC invocations=10 (full 2):
 PSYoungGen      total 409600K, used 17868K [0x00000000d5580000, 0x00000000f0380000, 0x0000000100000000)
  eden space 386560K, 0% used [0x00000000d5580000,0x00000000d5580000,0x00000000ecf00000)
  from space 23040K, 77% used [0x00000000ee700000,0x00000000ef8733e0,0x00000000efd80000)
  to   space 24576K, 0% used [0x00000000ecf00000,0x00000000ecf00000,0x00000000ee700000)
 ParOldGen       total 118272K, used 28507K [0x0000000080000000, 0x0000000087380000, 0x00000000d5580000)
  object space 118272K, 24% used [0x0000000080000000,0x0000000081bd6c38,0x0000000087380000)
 Metaspace       used 57065K, capacity 59064K, committed 59160K, reserved 1099776K
  class space    used 7820K, capacity 8289K, committed 8368K, reserved 1048576K
}
Event: 5.551 GC heap before
{Heap before GC invocations=11 (full 3):
 PSYoungGen      total 409600K, used 17868K [0x00000000d5580000, 0x00000000f0380000, 0x0000000100000000)
  eden space 386560K, 0% used [0x00000000d5580000,0x00000000d5580000,0x00000000ecf00000)
  from space 23040K, 77% used [0x00000000ee700000,0x00000000ef8733e0,0x00000000efd80000)
  to   space 24576K, 0% used [0x00000000ecf00000,0x00000000ecf00000,0x00000000ee700000)
 ParOldGen       total 118272K, used 28507K [0x0000000080000000, 0x0000000087380000, 0x00000000d5580000)
  object space 118272K, 24% used [0x0000000080000000,0x0000000081bd6c38,0x0000000087380000)
 Metaspace       used 57065K, capacity 59064K, committed 59160K, reserved 1099776K
  class space    used 7820K, capacity 8289K, committed 8368K, reserved 1048576K
Event: 5.701 GC heap after
Heap after GC invocations=11 (full 3):
 PSYoungGen      total 409600K, used 0K [0x00000000d5580000, 0x00000000f0380000, 0x0000000100000000)
  eden space 386560K, 0% used [0x00000000d5580000,0x00000000d5580000,0x00000000ecf00000)
  from space 23040K, 0% used [0x00000000ee700000,0x00000000ee700000,0x00000000efd80000)
  to   space 24576K, 0% used [0x00000000ecf00000,0x00000000ecf00000,0x00000000ee700000)
 ParOldGen       total 169472K, used 29853K [0x0000000080000000, 0x000000008a580000, 0x00000000d5580000)
  object space 169472K, 17% used [0x0000000080000000,0x0000000081d27518,0x000000008a580000)
 Metaspace       used 57023K, capacity 58920K, committed 59160K, reserved 1099776K
  class space    used 7808K, capacity 8265K, committed 8368K, reserved 1048576K
}

